\BOOKMARK [1][-]{section.1}{\376\377\000I\000n\000t\000r\000o\000d\000u\000c\000t\000i\000o\000n\000:\000\040\000C\000o\000s\000m\000o\000g\000e\000n\000e\000s\000i\000s\000\040\000a\000s\000\040\000a\000\040\000L\000o\000g\000i\000c\000a\000l\000\040\000P\000h\000a\000s\000e\000\040\000T\000r\000a\000n\000s\000i\000t\000i\000o\000n}{}% 1
\BOOKMARK [2][-]{subsection.2}{\376\377\000T\000h\000e\000\040\000F\000i\000r\000s\000t\000-\000C\000a\000u\000s\000e\000\040\000P\000a\000r\000a\000d\000o\000x\000\040\000a\000n\000d\000\040\000I\000t\000s\000\040\000D\000i\000s\000s\000o\000l\000u\000t\000i\000o\000n}{section.1}% 2
\BOOKMARK [2][-]{subsection.3}{\376\377\000O\000n\000t\000o\000l\000o\000g\000i\000c\000a\000l\000\040\000S\000t\000a\000n\000c\000e\000\040\000a\000n\000d\000\040\000S\000c\000o\000p\000e}{section.1}% 3
\BOOKMARK [2][-]{subsection.4}{\376\377\000S\000u\000p\000e\000r\000p\000o\000s\000i\000t\000i\000o\000n\000\040\000v\000s\000.\000\040\000D\000e\000c\000o\000h\000e\000r\000e\000n\000c\000e}{section.1}% 4
\BOOKMARK [1][-]{section.7}{\376\377\000T\000h\000e\000\040\000P\000r\000e\000-\000P\000h\000y\000s\000i\000c\000a\000l\000\040\000E\000p\000o\000c\000h\000:\000\040\000T\000h\000e\000\040\000Q\000-\000M\000o\000n\000a\000d\000\040\000a\000n\000d\000\040\000A\000d\000i\000a\000b\000a\000t\000i\000c\000\040\000T\000i\000m\000e\000\040\000\050\000t\000a\000u\000\051}{}% 5
\BOOKMARK [2][-]{subsection.8}{\376\377\000T\000h\000e\000\040\000Q\000-\000M\000o\000n\000a\000d\000\040\000a\000s\000\040\000a\000\040\000C\000o\000h\000e\000r\000e\000n\000t\000\040\000L\000i\000b\000r\000a\000r\000y}{section.7}% 6
\BOOKMARK [2][-]{subsection.10}{\376\377\000A\000l\000g\000o\000r\000i\000t\000h\000m\000i\000c\000\040\000T\000i\000m\000e\000\040\000a\000s\000\040\000a\000n\000\040\000A\000d\000i\000a\000b\000a\000t\000i\000c\000\040\000P\000a\000r\000a\000m\000e\000t\000e\000r}{section.7}% 7
\BOOKMARK [2][-]{subsection.16}{\376\377\000T\000h\000e\000\040\000P\000E\000N\000\040\000H\000a\000m\000i\000l\000t\000o\000n\000i\000a\000n\000\040\000a\000n\000d\000\040\000A\000d\000i\000a\000b\000a\000t\000i\000c\000\040\000G\000r\000o\000u\000n\000d\000-\000S\000t\000a\000t\000e\000\040\000T\000r\000a\000c\000k\000i\000n\000g}{section.7}% 8
\BOOKMARK [1][-]{section.19}{\376\377\000S\000t\000e\000p\000\040\0001\0005\000\040\000I\000g\000n\000i\000t\000i\000o\000n\000\040\000a\000s\000\040\000G\000l\000o\000b\000a\000l\000\040\000D\000e\000c\000o\000h\000e\000r\000e\000n\000c\000e\000:\000\040\000T\000h\000e\000\040\000B\000i\000r\000t\000h\000\040\000o\000f\000\040\000P\000h\000y\000s\000i\000c\000a\000l\000\040\000T\000i\000m\000e\000\040\000\050\000t\000\040\000=\000\040\0000\000\051}{}% 9
\BOOKMARK [2][-]{subsection.20}{\376\377\000T\000h\000e\000\040\000O\000b\000s\000e\000r\000v\000e\000r\000\040\000P\000r\000o\000b\000l\000e\000m\000\040\000a\000n\000d\000\040\000t\000h\000e\000\040\000A\000r\000r\000i\000v\000a\000l\000\040\000o\000f\000\040\000L\000T\000L}{section.19}% 10
\BOOKMARK [2][-]{subsection.27}{\376\377\000K\000i\000n\000e\000m\000a\000t\000i\000c\000-\000D\000y\000n\000a\000m\000i\000c\000\040\000E\000q\000u\000i\000v\000a\000l\000e\000n\000c\000e\000\040\000a\000n\000d\000\040\000E\000n\000d\000o\000g\000e\000n\000o\000u\000s\000\040\000C\000o\000l\000l\000a\000p\000s\000e}{section.19}% 11
\BOOKMARK [2][-]{subsection.36}{\376\377\000T\000h\000e\000\040\000Q\000-\000M\000o\000n\000a\000d\000\040\000I\000g\000n\000i\000t\000i\000o\000n\000\040\000C\000i\000r\000c\000u\000i\000t}{section.19}% 12
\BOOKMARK [1][-]{section.39}{\376\377\000C\000o\000s\000m\000i\000c\000\040\000I\000n\000f\000l\000a\000t\000i\000o\000n\000\040\000v\000i\000a\000\040\000T\000u\000n\000n\000e\000l\000i\000n\000g\000\040\000a\000n\000d\000\040\000N\000o\000v\000e\000l\000t\000y\000\040\000G\000r\000a\000d\000i\000e\000n\000t\000s}{}% 13
\BOOKMARK [2][-]{subsection.40}{\376\377\000T\000h\000e\000\040\000r\000h\000o\000\040\000=\000\040\0001\0002\000.\0008\0008\000\040\000c\000h\000a\000n\000n\000e\000l\000\040\000a\000n\000d\000\040\000t\000h\000e\000\040\000e\000f\000f\000e\000c\000t\000i\000v\000e\000\040\000p\000o\000t\000e\000n\000t\000i\000a\000l}{section.39}% 14
\BOOKMARK [2][-]{subsection.44}{\376\377\000T\000u\000n\000n\000e\000l\000i\000n\000g\000\040\000B\000e\000y\000o\000n\000d\000\040\000N\000:\000\040\000W\000h\000y\000\040\000G\000e\000o\000m\000e\000t\000r\000y\000\040\000W\000i\000n\000s}{section.39}% 15
\BOOKMARK [1][-]{section.48}{\376\377\000T\000h\000e\000\040\000A\000r\000r\000o\000w\000\040\000o\000f\000\040\000T\000i\000m\000e\000,\000\040\000C\000o\000l\000l\000a\000p\000s\000e\000,\000\040\000a\000n\000d\000\040\000M\000i\000n\000i\000m\000a\000l\000\040\000E\000n\000t\000r\000o\000p\000y}{}% 16
\BOOKMARK [2][-]{subsection.49}{\376\377\000T\000h\000e\000\040\000C\000a\000u\000s\000a\000l\000\040\000A\000r\000r\000o\000w\000\040\000f\000r\000o\000m\000\040\000G\000u\000a\000r\000d\000e\000d\000n\000e\000s\000s}{section.48}% 17
\BOOKMARK [2][-]{subsection.52}{\376\377\000T\000h\000e\000\040\000P\000a\000s\000t\000\040\000H\000y\000p\000o\000t\000h\000e\000s\000i\000s\000\040\000a\000s\000\040\000a\000\040\000P\000u\000r\000e\000\040\000I\000g\000n\000i\000t\000i\000o\000n\000\040\000S\000t\000a\000t\000e}{section.48}% 18
\BOOKMARK [1][-]{section.61}{\376\377\000T\000h\000e\000\040\000U\000n\000i\000v\000a\000l\000e\000n\000t\000\040\000H\000o\000r\000i\000z\000o\000n\000\040\000a\000s\000\040\000t\000h\000e\000\040\000H\000e\000i\000s\000e\000n\000b\000e\000r\000g\000\040\000C\000u\000t}{}% 19
\BOOKMARK [2][-]{subsection.62}{\376\377\000C\000l\000o\000s\000u\000r\000e\000\040\000A\000f\000t\000e\000r\000\040\000D\000e\000c\000o\000h\000e\000r\000e\000n\000c\000e\000:\000\040\000S\000t\000r\000u\000c\000t\000u\000r\000a\000l\000\040\000T\000e\000r\000m\000i\000n\000a\000t\000i\000o\000n}{section.61}% 20
\BOOKMARK [2][-]{subsection.66}{\376\377\000E\000p\000i\000s\000t\000e\000m\000i\000c\000\040\000I\000s\000o\000l\000a\000t\000i\000o\000n\000\040\000a\000n\000d\000\040\000t\000h\000e\000\040\000H\000e\000i\000s\000e\000n\000b\000e\000r\000g\000\040\000C\000u\000t}{section.61}% 21
\BOOKMARK [1][-]{section.69}{\376\377\000C\000o\000n\000c\000l\000u\000s\000i\000o\000n}{}% 22
