\BOOKMARK [1][-]{section.1}{\376\377\000I\000n\000t\000r\000o\000d\000u\000c\000t\000i\000o\000n\000:\000\040\000T\000h\000e\000\040\000C\000r\000i\000s\000i\000s\000\040\000o\000f\000\040\000S\000u\000b\000s\000t\000a\000n\000c\000e}{}% 1
\BOOKMARK [1][-]{section.2}{\376\377\000T\000h\000e\000\040\000R\000o\000s\000e\000t\000t\000a\000\040\000S\000t\000o\000n\000e\000:\000\040\000T\000y\000p\000e\000\040\000T\000h\000e\000o\000r\000y\000\040\000a\000s\000\040\000P\000h\000e\000n\000o\000m\000e\000n\000o\000l\000o\000g\000y}{}% 2
\BOOKMARK [2][-]{subsection.2.1}{\376\377\000T\000h\000e\000\040\000C\000o\000n\000t\000e\000x\000t\000\040\000\050\000\051\000:\000\040\000U\000n\000d\000i\000f\000f\000e\000r\000e\000n\000t\000i\000a\000t\000e\000d\000\040\000A\000w\000a\000r\000e\000n\000e\000s\000s}{section.2}% 3
\BOOKMARK [2][-]{subsection.2.2}{\376\377\000T\000h\000e\000\040\000I\000n\000f\000e\000r\000e\000n\000c\000e\000\040\000R\000u\000l\000e\000s\000:\000\040\000T\000h\000e\000\040\000I\000r\000o\000n\000\040\000L\000a\000w\000s}{section.2}% 4
\BOOKMARK [2][-]{subsection.2.3}{\376\377\000T\000h\000e\000\040\000T\000y\000p\000e\000\040\000\050\000A\000\051\000:\000\040\000F\000o\000r\000m\000\040\000a\000n\000d\000\040\000P\000o\000s\000s\000i\000b\000i\000l\000i\000t\000y}{section.2}% 5
\BOOKMARK [2][-]{subsection.2.4}{\376\377\000T\000h\000e\000\040\000T\000u\000r\000n\000s\000t\000i\000l\000e\000\040\000\050\000\051\000:\000\040\000T\000h\000e\000\040\000A\000c\000t\000\040\000o\000f\000\040\000F\000o\000r\000m\000i\000n\000g}{section.2}% 6
\BOOKMARK [2][-]{subsection.2.5}{\376\377\000T\000h\000e\000\040\000T\000e\000r\000m\000\040\000\050\000a\000\051\000:\000\040\000A\000c\000t\000u\000a\000l\000i\000t\000y\000\040\000a\000n\000d\000\040\000M\000a\000t\000t\000e\000r}{section.2}% 7
\BOOKMARK [2][-]{subsection.2.6}{\376\377\000T\000h\000e\000\040\000S\000y\000n\000t\000h\000e\000s\000i\000s\000:\000\040\000N\000o\000n\000-\000D\000u\000a\000l\000i\000t\000y}{section.2}% 8
\BOOKMARK [2][-]{subsection.2.7}{\376\377\000T\000h\000e\000\040\000Q\000-\000M\000o\000n\000a\000d\000:\000\040\000S\000a\000g\000u\000n\000a\000\040\000B\000r\000a\000h\000m\000a\000n}{section.2}% 9
\BOOKMARK [1][-]{section.3}{\376\377\000C\000o\000s\000m\000o\000g\000o\000n\000y\000:\000\040\000T\000h\000e\000\040\000A\000l\000g\000o\000r\000i\000t\000h\000m\000\040\000o\000f\000\040\000E\000x\000i\000s\000t\000e\000n\000c\000e}{}% 10
\BOOKMARK [2][-]{subsection.3.1}{\376\377\000T\000h\000e\000\040\000P\000r\000e\000-\000P\000h\000y\000s\000i\000c\000a\000l\000\040\000E\000p\000o\000c\000h\000:\000\040\000A\000d\000i\000a\000b\000a\000t\000i\000c\000\040\000A\000s\000s\000e\000m\000b\000l\000y\000\040\000i\000n\000\040\000t\000h\000e\000\040\000Q\000-\000M\000o\000n\000a\000d}{section.3}% 11
\BOOKMARK [2][-]{subsection.3.2}{\376\377\000T\000h\000e\000\040\000S\000i\000n\000g\000u\000l\000a\000r\000i\000t\000y\000:\000\040\000S\000t\000e\000p\000\040\0001\0005\000\040\000a\000s\000\040\000E\000n\000d\000o\000g\000e\000n\000o\000u\000s\000\040\000S\000e\000l\000f\000-\000M\000e\000a\000s\000u\000r\000e\000m\000e\000n\000t}{section.3}% 12
\BOOKMARK [2][-]{subsection.3.3}{\376\377\000T\000h\000e\000\040\000P\000a\000s\000t\000\040\000H\000y\000p\000o\000t\000h\000e\000s\000i\000s\000:\000\040\000P\000u\000r\000i\000t\000y\000\040\000a\000t\000\040\000I\000g\000n\000i\000t\000i\000o\000n}{section.3}% 13
\BOOKMARK [2][-]{subsection.3.4}{\376\377\000T\000h\000e\000\040\000U\000n\000i\000v\000a\000l\000e\000n\000t\000\040\000H\000o\000r\000i\000z\000o\000n\000:\000\040\000C\000o\000s\000m\000o\000l\000o\000g\000i\000c\000a\000l\000\040\000H\000e\000i\000s\000e\000n\000b\000e\000r\000g\000\040\000C\000u\000t}{section.3}% 14
\BOOKMARK [2][-]{subsection.3.5}{\376\377\000T\000h\000e\000\040\000I\000n\000t\000e\000r\000p\000r\000e\000t\000a\000t\000i\000o\000n\000\040\000o\000f\000\040\000L\000a\000w}{section.3}% 15
\BOOKMARK [1][-]{section.4}{\376\377\000R\000e\000s\000o\000l\000u\000t\000i\000o\000n\000\040\000o\000f\000\040\000t\000h\000e\000\040\000P\000a\000r\000a\000d\000o\000x\000e\000s}{}% 16
\BOOKMARK [2][-]{subsection.4.1}{\376\377\000T\000h\000e\000\040\000Q\000u\000a\000n\000t\000u\000m\000\040\000M\000e\000a\000s\000u\000r\000e\000m\000e\000n\000t\000\040\000S\000o\000l\000u\000t\000i\000o\000n}{section.4}% 17
\BOOKMARK [2][-]{subsection.4.2}{\376\377\000T\000h\000e\000\040\000H\000a\000r\000d\000\040\000P\000r\000o\000b\000l\000e\000m\000\040\000o\000f\000\040\000C\000o\000n\000s\000c\000i\000o\000u\000s\000n\000e\000s\000s}{section.4}% 18
\BOOKMARK [2][-]{subsection.4.3}{\376\377\000Q\000u\000a\000l\000i\000a\000\040\000a\000n\000d\000\040\000t\000h\000e\000\040\000E\000f\000f\000i\000c\000i\000e\000n\000c\000y\000\040\000o\000f\000\040\000J\000u\000d\000g\000m\000e\000n\000t}{section.4}% 19
\BOOKMARK [2][-]{subsection.4.4}{\376\377\000T\000h\000e\000\040\000A\000r\000r\000o\000w\000\040\000o\000f\000\040\000T\000i\000m\000e\000:\000\040\000G\000u\000a\000r\000d\000e\000d\000\040\000I\000r\000r\000e\000v\000e\000r\000s\000i\000b\000i\000l\000i\000t\000y}{section.4}% 20
\BOOKMARK [1][-]{section.5}{\376\377\000T\000h\000e\000\040\000M\000e\000t\000a\000p\000h\000y\000s\000i\000c\000s\000\040\000o\000f\000\040\000M\000a\000y\000a\000:\000\040\000S\000e\000p\000a\000r\000a\000t\000i\000o\000n\000\040\000a\000s\000\040\000S\000t\000r\000u\000c\000t\000u\000r\000a\000l\000\040\000N\000e\000c\000e\000s\000s\000i\000t\000y}{}% 21
\BOOKMARK [2][-]{subsection.5.1}{\376\377\000T\000h\000e\000\040\000C\000o\000s\000t\000\040\000o\000f\000\040\000O\000n\000e\000n\000e\000s\000s\000:\000\040\000d\000\040\000=\000\040\0001\000\040\000S\000t\000a\000g\000n\000a\000t\000i\000o\000n}{section.5}% 22
\BOOKMARK [2][-]{subsection.5.2}{\376\377\000T\000h\000e\000\040\000G\000o\000l\000d\000i\000l\000o\000c\000k\000s\000\040\000W\000i\000n\000d\000o\000w\000:\000\040\000d\000\040\000=\000\040\0002\000\040\000a\000s\000\040\000t\000h\000e\000\040\000U\000n\000i\000q\000u\000e\000\040\000C\000r\000e\000a\000t\000i\000v\000e\000\040\000R\000e\000g\000i\000m\000e}{section.5}% 23
\BOOKMARK [2][-]{subsection.5.3}{\376\377\000M\000a\000y\000a\000\040\000a\000s\000\040\000t\000h\000e\000\040\000H\000e\000i\000s\000e\000n\000b\000e\000r\000g\000\040\000C\000u\000t}{section.5}% 24
\BOOKMARK [2][-]{subsection.5.4}{\376\377\000D\000u\000a\000l\000i\000t\000y\000\040\000a\000s\000\040\000O\000p\000t\000i\000m\000i\000z\000a\000t\000i\000o\000n\000\040\000S\000t\000r\000a\000t\000e\000g\000y}{section.5}% 25
\BOOKMARK [1][-]{section.6}{\376\377\000C\000o\000n\000c\000l\000u\000s\000i\000o\000n\000:\000\040\000T\000h\000e\000\040\000S\000e\000l\000f\000-\000R\000e\000a\000l\000i\000z\000i\000n\000g\000\040\000A\000b\000s\000o\000l\000u\000t\000e}{}% 26
\BOOKMARK [2][-]{subsection.6.1}{\376\377\000S\000u\000m\000m\000a\000r\000y\000\040\000o\000f\000\040\000t\000h\000e\000\040\000A\000r\000g\000u\000m\000e\000n\000t}{section.6}% 27
\BOOKMARK [2][-]{subsection.6.2}{\376\377\000T\000h\000e\000\040\000C\000o\000n\000s\000t\000r\000u\000c\000t\000i\000v\000e\000\040\000U\000n\000i\000v\000e\000r\000s\000e}{section.6}% 28
\BOOKMARK [2][-]{subsection.6.3}{\376\377\000F\000i\000n\000a\000l\000\040\000M\000a\000x\000i\000m\000:\000\040\000J\000u\000d\000i\000c\000o\000,\000\040\000E\000r\000g\000o\000\040\000E\000s\000t}{section.6}% 29
