\BOOKMARK [1][-]{section.2}{\376\377\000I\000n\000t\000r\000o\000d\000u\000c\000t\000i\000o\000n\000:\000\040\000T\000h\000e\000\040\000C\000r\000i\000s\000i\000s\000\040\000o\000f\000\040\000S\000u\000b\000s\000t\000a\000n\000c\000e}{}% 1
\BOOKMARK [2][-]{subsection.3}{\376\377\000T\000h\000r\000e\000e\000\040\000C\000l\000a\000i\000m\000\040\000L\000a\000y\000e\000r\000s}{section.2}% 2
\BOOKMARK [1][-]{section.8}{\376\377\000T\000h\000e\000\040\000R\000o\000s\000e\000t\000t\000a\000\040\000S\000t\000o\000n\000e\000:\000\040\000T\000y\000p\000e\000\040\000T\000h\000e\000o\000r\000y\000\040\000a\000s\000\040\000P\000h\000e\000n\000o\000m\000e\000n\000o\000l\000o\000g\000y}{}% 3
\BOOKMARK [2][-]{subsection.10}{\376\377\000C\000o\000n\000t\000e\000x\000t\000\040\000a\000s\000\040\000W\000i\000t\000n\000e\000s\000s\000i\000n\000g\000\040\000C\000o\000n\000d\000i\000t\000i\000o\000n}{section.8}% 4
\BOOKMARK [2][-]{subsection.11}{\376\377\000T\000y\000p\000e\000\040\000a\000s\000\040\000F\000o\000r\000m\000\040\000o\000f\000\040\000P\000o\000s\000s\000i\000b\000i\000l\000i\000t\000y}{section.8}% 5
\BOOKMARK [2][-]{subsection.12}{\376\377\000T\000e\000r\000m\000\040\000a\000s\000\040\000A\000c\000t\000u\000a\000l\000i\000t\000y}{section.8}% 6
\BOOKMARK [2][-]{subsection.13}{\376\377\000T\000h\000e\000\040\000T\000u\000r\000n\000s\000t\000i\000l\000e\000\040\000a\000s\000\040\000P\000r\000i\000m\000i\000t\000i\000v\000e\000\040\000A\000c\000t}{section.8}% 7
\BOOKMARK [1][-]{section.14}{\376\377\000C\000o\000s\000m\000o\000g\000o\000n\000y\000:\000\040\000T\000h\000e\000\040\000A\000l\000g\000o\000r\000i\000t\000h\000m\000\040\000o\000f\000\040\000E\000x\000i\000s\000t\000e\000n\000c\000e}{}% 8
\BOOKMARK [2][-]{subsection.15}{\376\377\000A\000l\000g\000o\000r\000i\000t\000h\000m\000i\000c\000\040\000T\000i\000m\000e\000\040\000a\000n\000d\000\040\000P\000h\000y\000s\000i\000c\000a\000l\000\040\000T\000i\000m\000e}{section.14}% 9
\BOOKMARK [2][-]{subsection.21}{\376\377\000T\000h\000e\000\040\000C\000u\000r\000r\000e\000n\000t\000\040\0001\0005\000-\000S\000t\000e\000p\000\040\000G\000e\000n\000e\000s\000i\000s\000\040\000S\000e\000q\000u\000e\000n\000c\000e}{section.14}% 10
\BOOKMARK [2][-]{subsection.24}{\376\377\000W\000h\000a\000t\000\040\000M\000u\000s\000t\000\040\000B\000e\000\040\000R\000e\000w\000r\000i\000t\000t\000e\000n\000\040\000f\000r\000o\000m\000\040\000t\000h\000e\000\040\000O\000l\000d\000\040\000D\000r\000a\000f\000t}{section.14}% 11
\BOOKMARK [1][-]{section.25}{\376\377\000S\000t\000e\000p\000\040\0001\0005\000\040\000I\000g\000n\000i\000t\000i\000o\000n\000:\000\040\000E\000n\000d\000o\000g\000e\000n\000o\000u\000s\000\040\000S\000e\000l\000f\000-\000M\000e\000a\000s\000u\000r\000e\000m\000e\000n\000t\000\040\000a\000n\000d\000\040\000t\000h\000e\000\040\000B\000i\000r\000t\000h\000\040\000o\000f\000\040\000P\000h\000y\000s\000i\000c\000a\000l\000\040\000T\000i\000m\000e}{}% 12
\BOOKMARK [2][-]{subsection.26}{\376\377\000T\000h\000e\000\040\000S\000t\000e\000p\000\040\0001\0005\000\040\000S\000t\000r\000u\000c\000t\000u\000r\000a\000l\000\040\000P\000a\000c\000k\000a\000g\000e}{section.25}% 13
\BOOKMARK [2][-]{subsection.32}{\376\377\000P\000r\000e\000-\000P\000h\000y\000s\000i\000c\000a\000l\000\040\000C\000o\000h\000e\000r\000e\000n\000c\000e\000\040\000a\000n\000d\000\040\000D\000e\000c\000o\000h\000e\000r\000e\000d\000\040\000B\000r\000a\000n\000c\000h\000i\000n\000g}{section.25}% 14
\BOOKMARK [2][-]{subsection.35}{\376\377\000I\000g\000n\000i\000t\000i\000o\000n\000\040\000T\000h\000e\000s\000i\000s}{section.25}% 15
\BOOKMARK [1][-]{section.39}{\376\377\000M\000e\000a\000s\000u\000r\000e\000m\000e\000n\000t\000\040\000a\000n\000d\000\040\000C\000o\000n\000s\000c\000i\000o\000u\000s\000n\000e\000s\000s\000\040\000a\000s\000\040\000t\000h\000e\000\040\000S\000a\000m\000e\000\040\000C\000a\000t\000e\000g\000o\000r\000y\000\040\000E\000r\000r\000o\000r}{}% 16
\BOOKMARK [2][-]{subsection.40}{\376\377\000Q\000u\000a\000n\000t\000u\000m\000\040\000M\000e\000a\000s\000u\000r\000e\000m\000e\000n\000t}{section.39}% 17
\BOOKMARK [2][-]{subsection.41}{\376\377\000T\000h\000e\000\040\000H\000a\000r\000d\000\040\000P\000r\000o\000b\000l\000e\000m}{section.39}% 18
\BOOKMARK [2][-]{subsection.42}{\376\377\000S\000h\000a\000r\000e\000d\000\040\000D\000i\000a\000g\000n\000o\000s\000i\000s}{section.39}% 19
\BOOKMARK [1][-]{section.43}{\376\377\000T\000h\000e\000\040\000M\000e\000t\000a\000p\000h\000y\000s\000i\000c\000s\000\040\000o\000f\000\040\000M\000a\000y\000a\000:\000\040\000S\000e\000p\000a\000r\000a\000t\000i\000o\000n\000\040\000a\000s\000\040\000L\000o\000c\000a\000l\000i\000z\000a\000t\000i\000o\000n}{}% 20
\BOOKMARK [2][-]{subsection.44}{\376\377\000W\000h\000y\000\040\000t\000h\000e\000\040\000O\000n\000e\000\040\000A\000p\000p\000e\000a\000r\000s\000\040\000a\000s\000\040\000t\000h\000e\000\040\000M\000a\000n\000y}{section.43}% 21
\BOOKMARK [2][-]{subsection.45}{\376\377\000S\000c\000o\000p\000e\000,\000\040\000P\000a\000r\000t\000i\000t\000i\000o\000n\000,\000\040\000a\000n\000d\000\040\000P\000e\000r\000s\000p\000e\000c\000t\000i\000v\000e}{section.43}% 22
\BOOKMARK [2][-]{subsection.46}{\376\377\000A\000\040\000C\000a\000r\000e\000f\000u\000l\000\040\000O\000p\000t\000i\000m\000i\000z\000a\000t\000i\000o\000n\000\040\000R\000e\000a\000d\000i\000n\000g}{section.43}% 23
\BOOKMARK [1][-]{section.47}{\376\377\000S\000c\000o\000p\000e\000\040\000a\000n\000d\000\040\000L\000i\000m\000i\000t\000s}{}% 24
\BOOKMARK [1][-]{section.49}{\376\377\000C\000o\000n\000c\000l\000u\000s\000i\000o\000n\000:\000\040\000J\000u\000d\000i\000c\000o\000,\000\040\000E\000r\000g\000o\000\040\000E\000s\000t}{}% 25
\BOOKMARK [2][-]{subsection.50}{\376\377\000S\000u\000m\000m\000a\000r\000y\000\040\000o\000f\000\040\000t\000h\000e\000\040\000R\000e\000v\000i\000s\000e\000d\000\040\000A\000r\000c}{section.49}% 26
\BOOKMARK [2][-]{subsection.55}{\376\377\000C\000l\000o\000s\000i\000n\000g\000\040\000M\000a\000x\000i\000m}{section.49}% 27
